<?xml version="1.0" encoding="UTF-8"?>
<testng-results skipped="0" failed="0" total="1" passed="1">
  <reporter-output>
  </reporter-output>
  <suite name="Default suite" duration-ms="21687" started-at="2015-10-07T10:07:15Z" finished-at="2015-10-07T10:07:37Z">
    <groups>
    </groups>
    <test name="Default test" duration-ms="21687" started-at="2015-10-07T10:07:15Z" finished-at="2015-10-07T10:07:37Z">
      <class name="harijava.Cld">
        <test-method status="PASS" signature="t()[pri:0, instance:harijava.Cld@4deafe13]" name="t" duration-ms="21667" started-at="2015-10-07T15:37:15Z" finished-at="2015-10-07T15:37:37Z">
          <reporter-output>
          </reporter-output>
        </test-method> <!-- t -->
      </class> <!-- harijava.Cld -->
    </test> <!-- Default test -->
  </suite> <!-- Default suite -->
</testng-results>
